<?xml version="1.0" encoding="UTF-8"?>
<!-- Generated by org.testng.reporters.JUnitReportReporter -->
<testsuite hostname="DESKTOP-KIRAN" failures="0" tests="2" name="MavenProject.selenium2Test" time="0.016" errors="0" timestamp="2020-09-21T16:22:03 BST" skipped="0">
  <testcase classname="MavenProject.selenium2Test" name="uielement2" time="0.000"/>
  <system-out/>
  <testcase classname="MavenProject.selenium2Test" name="uiobject2" time="0.016"/>
  <system-out/>
</testsuite> <!-- MavenProject.selenium2Test -->
