<?xml version="1.0" encoding="UTF-8"?>
<!-- Generated by org.testng.reporters.JUnitReportReporter -->
<testsuite hostname="DESKTOP-KIRAN" failures="0" tests="2" name="MavenProject.seleniumTest" time="0.001" errors="0" timestamp="2020-09-18T22:23:45 BST" skipped="0">
  <testcase classname="MavenProject.seleniumTest" name="uielement" time="0.000"/>
  <system-out/>
  <testcase classname="MavenProject.seleniumTest" name="uiobject" time="0.001"/>
  <system-out/>
</testsuite> <!-- MavenProject.seleniumTest -->
