<?xml version="1.0" encoding="UTF-8"?>
<!-- Generated by org.testng.reporters.JUnitReportReporter -->
<testsuite hostname="DESKTOP-KIRAN" failures="0" tests="2" name="MavenProject.selenium1Test" time="0.009" errors="0" timestamp="2020-09-18T22:23:45 BST" skipped="0">
  <testcase classname="MavenProject.selenium1Test" name="uiobject1" time="0.000"/>
  <system-out/>
  <testcase classname="MavenProject.selenium1Test" name="uielement1" time="0.009"/>
  <system-out/>
</testsuite> <!-- MavenProject.selenium1Test -->
